Arguments: 
  C:\Program Files\nodejs\node.exe C:\Users\Developer\AppData\Roaming\npm\node_modules\yarn\bin\yarn.js add @material-ui/core

PATH: 
  C:\Program Files (x86)\Common Files\Oracle\Java\javapath;C:\WINDOWS\system32;C:\WINDOWS;C:\WINDOWS\System32\Wbem;C:\WINDOWS\System32\WindowsPowerShell\v1.0\;C:\ProgramData\chocolatey\bin;C:\Program Files\OpenJDK\openjdk-8u275-b01\bin;C:\Program Files\Git\cmd;C:\WINDOWS\System32\OpenSSH\;C:\Program Files\nodejs\;;C:\Users\Developer\AppData\Local\Programs\Microsoft VS Code\bin;C:\Users\Developer\AppData\Local\Android\Sdk;C:\Users\Developer\AppData\Local\Android\Sdk\platform-tools;C:\Users\Developer\AppData\Local\Microsoft\WindowsApps;C:\Users\Developer\AppData\Roaming\npm

Yarn version: 
  1.22.10

Node version: 
  14.15.4

Platform: 
  win32 x64

Trace: 
  Error: read ECONNRESET
      at TLSWrap.onStreamRead (internal/stream_base_commons.js:209:20)

npm manifest: 
  {
    "name": "gatsby-starter-minimal",
    "version": "1.0.0",
    "private": true,
    "description": "A Gatsby starter with no plugins and a single welcome page.",
    "author": "Laurie Barth",
    "keywords": [
      "gatsby"
    ],
    "scripts": {
      "develop": "gatsby develop",
      "start": "gatsby develop",
      "build": "gatsby build",
      "serve": "gatsby serve",
      "clean": "gatsby clean"
    },
    "license": "0BSD",
    "dependencies": {
      "@contentful/rich-text-react-renderer": "^14.1.2",
      "faunadb": "^4.1.1",
      "formik": "^2.2.6",
      "gatsby": "^3.0.1",
      "gatsby-source-contentful": "^5.1.1",
      "react": "^17.0.1",
      "react-dom": "^17.0.1"
    }
  }

yarn manifest: 
  No manifest

Lockfile: 
  No lockfile
